{
  "RSpec": {
    "coverage": {
      "/home/hudson/Área de Trabalho/monitoriaCIC/app/helpers/application_helper.rb": [
        1,
        null
      ],
      "/home/hudson/Área de Trabalho/monitoriaCIC/app/helpers/disciplinas_helper.rb": [
        1,
        null
      ],
      "/home/hudson/Área de Trabalho/monitoriaCIC/app/helpers/historico_helper.rb": [
        1,
        null
      ],
      "/home/hudson/Área de Trabalho/monitoriaCIC/app/helpers/home_helper.rb": [
        1,
        null
      ],
      "/home/hudson/Área de Trabalho/monitoriaCIC/app/helpers/reset_senhas_helper.rb": [
        1,
        null
      ],
      "/home/hudson/Área de Trabalho/monitoriaCIC/app/helpers/sessions_helper.rb": [
        1,
        1,
        3,
        null,
        null,
        1,
        3,
        0,
        null,
        null,
        null,
        1,
        null,
        7,
        null,
        null,
        1,
        3,
        null,
        null
      ],
      "/home/hudson/Área de Trabalho/monitoriaCIC/app/controllers/admins_controller.rb": [
        1,
        1,
        null,
        1,
        null,
        1,
        3,
        3,
        null,
        null,
        1,
        2,
        null,
        null
      ],
      "/home/hudson/Área de Trabalho/monitoriaCIC/app/controllers/application_controller.rb": [
        1,
        1,
        1,
        null
      ],
      "/home/hudson/Área de Trabalho/monitoriaCIC/app/controllers/dados_bancarios_controller.rb": [
        1,
        1,
        null,
        1,
        null,
        1,
        6,
        null,
        6,
        5,
        5,
        null,
        null,
        null,
        null,
        5,
        null,
        5,
        null,
        1,
        null,
        null,
        6,
        null,
        null,
        1,
        3,
        3,
        null,
        null,
        1,
        4,
        4,
        null,
        4,
        3,
        null,
        1,
        null,
        null,
        4,
        null,
        null,
        1,
        5,
        5,
        5,
        5,
        null,
        5,
        5,
        null,
        null,
        1,
        1,
        1,
        1,
        null,
        null,
        null,
        1,
        9,
        null,
        null
      ],
      "/home/hudson/Área de Trabalho/monitoriaCIC/app/controllers/dashboard_controller.rb": [
        1,
        1,
        null,
        1,
        null,
        1,
        3,
        1,
        2,
        1,
        null,
        1,
        1,
        null,
        null,
        null,
        1,
        null,
        1,
        null,
        1,
        2,
        2,
        2,
        2,
        2,
        1,
        1,
        null,
        null,
        null,
        null,
        null,
        null,
        1,
        1,
        null,
        null,
        1,
        2,
        null,
        null,
        1,
        2,
        2,
        2,
        2,
        0,
        null,
        null,
        null,
        null,
        1,
        8,
        8,
        1,
        null,
        8,
        null,
        8,
        6,
        6,
        6,
        null,
        null,
        6,
        6,
        6,
        null,
        null,
        6,
        6,
        null,
        2,
        1,
        null,
        1,
        null,
        null,
        null,
        8,
        null,
        null,
        1,
        0,
        null,
        null,
        1,
        0,
        0,
        null,
        null,
        1,
        1,
        2,
        2,
        null,
        null,
        null,
        null,
        1,
        null,
        0,
        0,
        null,
        null,
        null,
        0,
        null,
        null,
        null,
        null,
        0,
        0,
        null,
        null,
        0,
        0,
        null,
        null,
        null,
        null,
        null,
        1,
        0,
        null,
        null,
        null,
        1,
        0,
        0,
        null,
        null,
        null,
        null,
        null,
        null,
        null,
        null,
        null,
        1,
        0,
        0,
        null,
        null,
        null,
        1,
        0,
        null,
        0,
        null,
        0,
        null,
        0,
        null,
        0,
        null,
        0,
        null,
        null,
        0,
        null,
        null,
        0,
        null,
        null,
        null
      ],
      "/home/hudson/Área de Trabalho/monitoriaCIC/app/controllers/disciplinas_controller.rb": [
        1,
        1,
        1,
        1,
        null,
        1,
        2,
        null,
        null,
        1,
        1,
        null,
        1,
        0,
        null,
        1,
        1,
        null,
        null,
        null,
        1,
        null,
        1,
        1,
        1,
        null,
        0,
        null,
        null,
        null,
        1,
        1,
        0,
        0,
        null,
        null,
        1,
        0,
        0,
        null,
        null,
        1,
        1,
        null,
        null,
        1,
        1,
        2,
        null,
        null,
        1,
        4,
        null,
        null,
        1,
        0,
        0,
        null,
        null,
        null,
        1,
        0,
        0,
        0,
        null,
        null,
        null
      ],
      "/home/hudson/Área de Trabalho/monitoriaCIC/app/controllers/faq_controller.rb": [
        1,
        1,
        null
      ],
      "/home/hudson/Área de Trabalho/monitoriaCIC/app/controllers/home_controller.rb": [
        1,
        1,
        null
      ],
      "/home/hudson/Área de Trabalho/monitoriaCIC/app/controllers/monitorias_controller.rb": [
        1,
        1,
        1,
        1,
        null,
        1,
        1,
        1,
        null,
        null,
        1,
        4,
        4,
        4,
        4,
        4,
        null,
        null,
        null,
        4,
        0,
        null,
        4,
        4,
        null,
        null,
        null,
        1,
        1,
        null,
        null,
        1,
        null,
        null,
        1,
        3,
        3,
        null,
        0,
        null,
        null,
        null,
        1,
        1,
        1,
        null,
        null,
        1,
        1,
        4,
        null,
        null,
        1,
        1,
        null,
        null,
        1,
        5,
        null,
        null,
        1,
        0,
        0,
        null,
        null,
        null
      ],
      "/home/hudson/Área de Trabalho/monitoriaCIC/app/controllers/professors_controller.rb": [
        1,
        1,
        1,
        null,
        null,
        1,
        null,
        1,
        6,
        null,
        6,
        4,
        4,
        4,
        null,
        2,
        2,
        null,
        null,
        1,
        2,
        2,
        null,
        null,
        1,
        6,
        6,
        null,
        6,
        4,
        null,
        2,
        null,
        null,
        6,
        null,
        null,
        1,
        null,
        1,
        9,
        null,
        null
      ],
      "/home/hudson/Área de Trabalho/monitoriaCIC/app/controllers/reset_senhas_controller.rb": [
        1,
        1,
        1,
        1,
        null,
        1,
        null,
        null,
        1,
        3,
        3,
        1,
        1,
        1,
        1,
        null,
        2,
        2,
        null,
        null,
        null,
        1,
        null,
        null,
        1,
        0,
        0,
        0,
        0,
        0,
        0,
        0,
        null,
        0,
        null,
        null,
        null,
        1,
        null,
        null,
        1,
        5,
        null,
        null,
        null,
        1,
        4,
        4,
        null,
        null,
        null,
        null,
        1,
        0,
        0,
        0,
        null,
        null,
        null,
        null,
        1,
        0,
        null,
        null
      ],
      "/home/hudson/Área de Trabalho/monitoriaCIC/app/controllers/sessions_controller.rb": [
        1,
        1,
        null,
        1,
        null,
        0,
        null,
        null,
        null,
        0,
        0,
        0,
        null,
        0,
        0,
        null,
        null,
        null,
        1,
        0,
        0,
        null,
        null,
        null,
        1,
        0,
        null,
        null
      ],
      "/home/hudson/Área de Trabalho/monitoriaCIC/app/controllers/sobre_controller.rb": [
        1,
        1,
        null
      ],
      "/home/hudson/Área de Trabalho/monitoriaCIC/app/controllers/turmas_controller.rb": [
        1,
        null,
        1,
        1,
        null,
        null,
        1,
        1,
        null,
        null,
        1,
        4,
        null,
        4,
        3,
        null,
        1,
        null,
        null,
        4,
        null,
        null,
        1,
        5,
        5,
        null,
        5,
        4,
        null,
        1,
        null,
        null,
        5,
        null,
        null,
        1,
        1,
        1,
        0,
        0,
        null,
        null,
        1,
        1,
        1,
        null,
        null,
        1,
        1,
        6,
        null,
        null,
        1,
        0,
        null,
        null,
        1,
        1,
        1,
        3,
        2,
        null,
        null,
        1,
        null,
        null
      ],
      "/home/hudson/Área de Trabalho/monitoriaCIC/app/controllers/users_controller.rb": [
        1,
        null,
        1,
        null,
        null,
        1,
        6,
        null,
        6,
        0,
        0,
        0,
        null,
        6,
        6,
        null,
        null,
        null,
        1,
        6,
        6,
        null,
        6,
        4,
        null,
        2,
        null,
        null,
        6,
        null,
        null,
        1,
        1,
        12,
        null,
        null
      ],
      "/home/hudson/Área de Trabalho/monitoriaCIC/app/models/dados_bancarios.rb": [
        1,
        1,
        null,
        1,
        1,
        1,
        null,
        1,
        null,
        null,
        null,
        null,
        1,
        1,
        null
      ],
      "/home/hudson/Área de Trabalho/monitoriaCIC/app/models/disciplina.rb": [
        1,
        1,
        1,
        null,
        null,
        1,
        0,
        null,
        null,
        1,
        1,
        1,
        1,
        1,
        1,
        null,
        null,
        1,
        1,
        1,
        1,
        1,
        null,
        null
      ],
      "/home/hudson/Área de Trabalho/monitoriaCIC/app/models/application_record.rb": [
        1,
        1,
        null
      ],
      "/home/hudson/Área de Trabalho/monitoriaCIC/app/models/monitoria.rb": [
        1,
        null,
        1,
        1,
        1,
        3,
        null,
        1,
        null,
        null,
        null,
        null,
        null,
        null,
        null,
        null,
        null,
        null,
        1,
        1,
        null,
        1,
        1,
        1,
        1,
        1,
        null,
        null,
        null
      ],
      "/home/hudson/Área de Trabalho/monitoriaCIC/app/models/professor.rb": [
        1,
        1,
        null,
        1,
        null,
        1,
        1,
        null,
        null,
        null,
        1,
        1,
        1,
        null,
        1,
        1,
        null,
        null,
        1,
        null,
        null,
        1,
        null,
        null,
        null,
        1,
        1,
        null,
        null,
        1,
        1,
        null
      ],
      "/home/hudson/Área de Trabalho/monitoriaCIC/app/models/turma.rb": [
        1,
        1,
        1,
        null,
        1,
        10,
        10,
        10,
        null,
        null,
        1,
        null,
        null,
        1,
        1,
        null,
        1,
        1,
        3,
        3,
        3,
        null,
        null,
        1,
        null,
        null,
        1,
        1,
        1,
        null,
        1,
        3,
        3,
        3,
        null,
        null,
        1,
        null,
        null,
        1,
        null,
        1,
        null,
        null,
        null,
        null,
        1,
        1,
        null,
        null,
        1,
        1,
        1,
        1,
        1,
        null,
        1,
        34,
        null,
        34,
        8,
        3,
        null,
        null,
        null,
        null
      ],
      "/home/hudson/Área de Trabalho/monitoriaCIC/app/models/user.rb": [
        1,
        1,
        1,
        null,
        1,
        null,
        null,
        1,
        1,
        1,
        1,
        1,
        null,
        null,
        1,
        1,
        1,
        1,
        null,
        null,
        null,
        1,
        null,
        null,
        null,
        null,
        1,
        null,
        1,
        1,
        null,
        1,
        1,
        null,
        1,
        null,
        1,
        1,
        null,
        null,
        1,
        288,
        288,
        288,
        null,
        288,
        2657,
        null,
        2657,
        2657,
        null,
        288,
        288,
        132,
        null,
        null,
        288,
        null,
        null,
        1,
        144,
        144,
        1547,
        null,
        null,
        144,
        144,
        null,
        144,
        12,
        null,
        null,
        null,
        null,
        1,
        1,
        null,
        1,
        null,
        null,
        null,
        1,
        13,
        null,
        null,
        null,
        1,
        1,
        1,
        1,
        null,
        null,
        null,
        1,
        1,
        null,
        null,
        null,
        1,
        0,
        null,
        null,
        null,
        1,
        2,
        2,
        0,
        null,
        null
      ],
      "/home/hudson/Área de Trabalho/monitoriaCIC/app/models/admin.rb": [
        1,
        1,
        null,
        1,
        null
      ],
      "/home/hudson/Área de Trabalho/monitoriaCIC/app/mailers/professor_mailer.rb": [
        1,
        1,
        null,
        1,
        2,
        2,
        2,
        null,
        null
      ],
      "/home/hudson/Área de Trabalho/monitoriaCIC/app/mailers/application_mailer.rb": [
        1,
        1,
        1,
        null
      ],
      "/home/hudson/Área de Trabalho/monitoriaCIC/app/mailers/user_mailer.rb": [
        1,
        null,
        null,
        null,
        null,
        null,
        null,
        1,
        2,
        2,
        null,
        null
      ],
      "/home/hudson/Área de Trabalho/monitoriaCIC/app/controllers/historico_controller.rb": [
        0,
        null,
        0
      ],
      "/home/hudson/Área de Trabalho/monitoriaCIC/app/channels/application_cable/connection.rb": [
        0,
        0,
        0,
        0
      ],
      "/home/hudson/Área de Trabalho/monitoriaCIC/app/channels/application_cable/channel.rb": [
        0,
        0,
        0,
        0
      ],
      "/home/hudson/Área de Trabalho/monitoriaCIC/app/jobs/application_job.rb": [
        0,
        0
      ]
    },
    "timestamp": 1562788339
  }
}
